#
# A fatal error has been detected by the Java Runtime Environment:
#
#  SIGSEGV (0xb) at pc=0x0000000127502e43, pid=44608, tid=66571
#
# JRE version: Java(TM) SE Runtime Environment (8.0_74-b02) (build 1.8.0_74-b02)
# Java VM: Java HotSpot(TM) 64-Bit Server VM (25.74-b02 mixed mode bsd-amd64 compressed oops)
# Problematic frame:
# C  [libawt_lwawt.dylib+0x1ae43]  OGLSD_SetScratchSurface+0x49
#
# Failed to write core dump. Core dumps have been disabled. To enable core dumping, try "ulimit -c unlimited" before starting Java again
#
# If you would like to submit a bug report, please visit:
#   http://bugreport.java.com/bugreport/crash.jsp
# The crash happened outside the Java Virtual Machine in native code.
# See problematic frame for where to report the bug.
#

---------------  T H R E A D  ---------------

Current thread (0x00007fd1df45f800):  JavaThread "Java2D Queue Flusher" daemon [_thread_in_native, id=66571, stack(0x0000700007385000,0x0000700007485000)]

siginfo: si_signo: 11 (SIGSEGV), si_code: 1 (SEGV_MAPERR), si_addr: 0x0000000000000002

Registers:
RAX=0x00000000ffffffff, RBX=0x0000000000000002, RCX=0x0000000000000047, RDX=0x00000001275238ec
RSP=0x0000700007484720, RBP=0x0000700007484740, RSI=0x00007fd1e4c80500, RDI=0x00007fd1df45f9f8
R8 =0x00007fd1e7dd7348, R9 =0x00007fd1e7dd7380, R10=0x000000011642c878, R11=0x00007fd1e7dd7384
R12=0x0000000000000000, R13=0x00000001163c9354, R14=0x00007fd1df45f9f8, R15=0x00007fd1df45f800
RIP=0x0000000127502e43, EFLAGS=0x0000000000010202, ERR=0x0000000000000004
  TRAPNO=0x000000000000000e

Top of Stack: (sp=0x0000700007484720)
0x0000700007484720:   00007fd1e4c80500 0000000000000000
0x0000700007484730:   00007fd1df416210 00007fd1df45f800
0x0000700007484740:   00007000074847c0 00000001275233ca
0x0000700007484750:   0000000007484888 000000078f6a7fa0
0x0000700007484760:   0000000000000000 00000001163c9354
0x0000700007484770:   0000700007484790 0000000000000064
0x0000700007484780:   00007fd1e1ad4218 00007fd1df416220
0x0000700007484790:   00007fd10045f800 00007fd1df45f9f8
0x00007000074847a0:   000000078dd927e8 0000000000000000
0x00007000074847b0:   0000700007484888 00007fd1df45f800
0x00007000074847c0:   0000700007484810 000000011642c8ea
0x00007000074847d0:   000000078dd927e8 000000010974bc48
0x00007000074847e0:   0000000000000005 00007fd1df45f800
0x00007000074847f0:   000000078dd92801 00007fd1e46ea310
0x0000700007484800:   0000700007484800 00007fd1df45f800
0x0000700007484810:   00007000074849d0 00000001161bd5dc
0x0000700007484820:   0000700007484888 00007fd1df45f800
0x0000700007484830:   0000700007484880 000000011627b168
0x0000700007484840:   000000078dd928c0 00000001161f5c4c
0x0000700007484850:   000000012e273ba8 0000000000000000
0x0000700007484860:   000000012e273b38 0000000000000000
0x0000700007484870:   000000078dd927e8 00007000074849d0
0x0000700007484880:   00007000074849d0 00000001163c9314
0x0000700007484890:   0000000000000000 0000000000000000
0x00007000074848a0:   0000000000000000 0000000000000000
0x00007000074848b0:   00000000000000db 0000000000000000
0x00007000074848c0:   0000700007484968 00007fd1df45f800
0x00007000074848d0:   0000700007484940 0000000115827acc
0x00007000074848e0:   0000000115810c4d 0000000100000001
0x00007000074848f0:   000000078f6e0040 000000078dd928c0
0x0000700007484900:   0000700000000000 00000001163c8e50
0x0000700007484910:   0000700007484968 000000012cdbe030 

Instructions: (pc=0x0000000127502e43)
0x0000000127502e23:   c0 e9 82 00 00 00 48 8b 5e 10 48 85 db 75 0e bf
0x0000000127502e33:   01 00 00 00 48 8d 15 fd 75 03 00 eb d6 49 89 fe
0x0000000127502e43:   4c 8b 3b 30 c0 e8 c5 a2 02 00 49 8b 3f 49 89 c4
0x0000000127502e53:   48 8b 35 ae f7 05 00 30 c0 e8 0d a4 02 00 48 85 

Register to memory mapping:

RAX=0x00000000ffffffff is an unknown value
RBX=0x0000000000000002 is an unknown value
RCX=0x0000000000000047 is an unknown value
RDX=0x00000001275238ec: Java_sun_java2d_opengl_OGLRenderQueue_flushBuffer+0xb5c in /Library/Java/JavaVirtualMachines/jdk1.8.0_74.jdk/Contents/Home/jre/lib/libawt_lwawt.dylib at 0x00000001274e8000
RSP=0x0000700007484720 is pointing into the stack for thread: 0x00007fd1df45f800
RBP=0x0000700007484740 is pointing into the stack for thread: 0x00007fd1df45f800
RSI=0x00007fd1e4c80500 is an unknown value
RDI=0x00007fd1df45f9f8 is an unknown value
R8 =0x00007fd1e7dd7348 is an unknown value
R9 =0x00007fd1e7dd7380 is an unknown value
R10=0x000000011642c878 is at entry_point+56 in (nmethod*)0x000000011642c6d0
R11=0x00007fd1e7dd7384 is an unknown value
R12=0x0000000000000000 is an unknown value
R13=0x00000001163c9354 is at entry_point+660 in (nmethod*)0x00000001163c8e50
R14=0x00007fd1df45f9f8 is an unknown value
R15=0x00007fd1df45f800 is a thread


Stack: [0x0000700007385000,0x0000700007485000],  sp=0x0000700007484720,  free space=1021k
Native frames: (J=compiled Java code, j=interpreted, Vv=VM code, C=native code)
C  [libawt_lwawt.dylib+0x1ae43]  OGLSD_SetScratchSurface+0x49
C  [libawt_lwawt.dylib+0x3b3ca]  Java_sun_java2d_opengl_OGLRenderQueue_flushBuffer+0x63a
J 5599  sun.java2d.opengl.OGLRenderQueue.flushBuffer(JI)V (0 bytes) @ 0x000000011642c8ea [0x000000011642c840+0xaa]
J 5567 C1 sun.java2d.opengl.OGLRenderQueue.flushBuffer()V (41 bytes) @ 0x00000001161bd5dc [0x00000001161bd580+0x5c]
J 5406% C1 sun.java2d.opengl.OGLRenderQueue$QueueFlusher.run()V (234 bytes) @ 0x00000001163c9314 [0x00000001163c90c0+0x254]
v  ~StubRoutines::call_stub
V  [libjvm.dylib+0x2ea39e]
V  [libjvm.dylib+0x2eab2c]
V  [libjvm.dylib+0x2eacd8]
V  [libjvm.dylib+0x345255]
V  [libjvm.dylib+0x560e03]
V  [libjvm.dylib+0x5624fe]
V  [libjvm.dylib+0x482eda]
C  [libsystem_pthread.dylib+0x36c1]  _pthread_body+0x154
C  [libsystem_pthread.dylib+0x356d]  _pthread_body+0x0
C  [libsystem_pthread.dylib+0x2c5d]  thread_start+0xd
C  0x0000000000000000

Java frames: (J=compiled Java code, j=interpreted, Vv=VM code)
J 5599  sun.java2d.opengl.OGLRenderQueue.flushBuffer(JI)V (0 bytes) @ 0x000000011642c878 [0x000000011642c840+0x38]
J 5567 C1 sun.java2d.opengl.OGLRenderQueue.flushBuffer()V (41 bytes) @ 0x00000001161bd5dc [0x00000001161bd580+0x5c]
J 5406% C1 sun.java2d.opengl.OGLRenderQueue$QueueFlusher.run()V (234 bytes) @ 0x00000001163c9314 [0x00000001163c90c0+0x254]
v  ~StubRoutines::call_stub

---------------  P R O C E S S  ---------------

Java Threads: ( => current thread )
  0x00007fd1df55d000 JavaThread "clojure-agent-send-off-pool-30" [_thread_in_Java, id=65467, stack(0x0000700006e76000,0x0000700006f76000)]
  0x00007fd1e094c800 JavaThread "AWT-EventQueue-0" [_thread_blocked, id=73475, stack(0x000070000791d000,0x0000700007a1d000)]
  0x00007fd1e1985800 JavaThread "AWT-Shutdown" [_thread_blocked, id=70155, stack(0x00007000064d2000,0x00007000065d2000)]
  0x00007fd1e1489800 JavaThread "clojure-agent-send-pool-9" daemon [_thread_blocked, id=32603, stack(0x00007000065d5000,0x00007000066d5000)]
  0x00007fd1df433800 JavaThread "clojure-agent-send-pool-8" daemon [_thread_blocked, id=71171, stack(0x000070000781a000,0x000070000791a000)]
  0x00007fd1e1821000 JavaThread "Java2D Disposer" daemon [_thread_blocked, id=70659, stack(0x0000700007717000,0x0000700007817000)]
=>0x00007fd1df45f800 JavaThread "Java2D Queue Flusher" daemon [_thread_in_native, id=66571, stack(0x0000700007385000,0x0000700007485000)]
  0x00007fd1e1896000 JavaThread "clojure-agent-send-pool-7" daemon [_thread_blocked, id=65039, stack(0x0000700007282000,0x0000700007382000)]
  0x00007fd1e10c6800 JavaThread "clojure-agent-send-pool-6" daemon [_thread_blocked, id=64839, stack(0x000070000707c000,0x000070000717c000)]
  0x00007fd1e1820000 JavaThread "clojure-agent-send-pool-5" daemon [_thread_blocked, id=64267, stack(0x0000700006c70000,0x0000700006d70000)]
  0x00007fd1e1314800 JavaThread "clojure-agent-send-pool-4" daemon [_thread_blocked, id=36875, stack(0x0000700006967000,0x0000700006a67000)]
  0x00007fd1e1a03800 JavaThread "clojure-agent-send-pool-3" daemon [_thread_blocked, id=3859, stack(0x0000700005010000,0x0000700005110000)]
  0x00007fd1e1160000 JavaThread "clojure-agent-send-pool-2" daemon [_thread_blocked, id=45339, stack(0x00007000066d8000,0x00007000067d8000)]
  0x00007fd1e001b800 JavaThread "clojure-agent-send-pool-1" daemon [_thread_blocked, id=36615, stack(0x0000700006f79000,0x0000700007079000)]
  0x00007fd1e0c7d800 JavaThread "clojure-agent-send-pool-0" daemon [_thread_blocked, id=28171, stack(0x0000700006d73000,0x0000700006e73000)]
  0x00007fd1df395800 JavaThread "clojure-agent-send-off-pool-3" [_thread_in_native, id=63747, stack(0x0000700006b6d000,0x0000700006c6d000)]
  0x00007fd1e11a4000 JavaThread "clojure-agent-send-off-pool-2" [_thread_blocked, id=63243, stack(0x0000700006a6a000,0x0000700006b6a000)]
  0x00007fd1e1a9b000 JavaThread "clojure-agent-send-off-pool-1" [_thread_in_native, id=62223, stack(0x0000700006864000,0x0000700006964000)]
  0x00007fd1e0992000 JavaThread "AppKit Thread" daemon [_thread_in_native, id=775, stack(0x00007ffee721f180,0x00007ffee7a70000)]
  0x00007fd1e0837000 JavaThread "Service Thread" daemon [_thread_blocked, id=20995, stack(0x00007000062cc000,0x00007000063cc000)]
  0x00007fd1e1842000 JavaThread "C1 CompilerThread3" daemon [_thread_blocked, id=20483, stack(0x00007000061c9000,0x00007000062c9000)]
  0x00007fd1e1817800 JavaThread "C2 CompilerThread2" daemon [_thread_blocked, id=19971, stack(0x00007000060c6000,0x00007000061c6000)]
  0x00007fd1e0814000 JavaThread "C2 CompilerThread1" daemon [_thread_blocked, id=19459, stack(0x0000700005fc3000,0x00007000060c3000)]
  0x00007fd1e0813800 JavaThread "C2 CompilerThread0" daemon [_thread_blocked, id=18947, stack(0x0000700005ec0000,0x0000700005fc0000)]
  0x00007fd1e102e000 JavaThread "Signal Dispatcher" daemon [_thread_blocked, id=18443, stack(0x0000700005dbd000,0x0000700005ebd000)]
  0x00007fd1df029800 JavaThread "Finalizer" daemon [_thread_blocked, id=15107, stack(0x0000700005cba000,0x0000700005dba000)]
  0x00007fd1df026800 JavaThread "Reference Handler" daemon [_thread_blocked, id=14595, stack(0x0000700005bb7000,0x0000700005cb7000)]
  0x00007fd1df019000 JavaThread "main" [_thread_blocked, id=6915, stack(0x0000700005199000,0x0000700005299000)]

Other Threads:
  0x00007fd1df022000 VMThread [stack: 0x0000700005ab4000,0x0000700005bb4000] [id=14083]
  0x00007fd1e0837800 WatcherThread [stack: 0x00007000063cf000,0x00007000064cf000] [id=21507]

VM state:synchronizing (normal execution)

VM Mutex/Monitor currently owned by a thread:  ([mutex/lock_event])
[0x00007fd1ded021e0] Safepoint_lock - owner thread: 0x00007fd1df022000
[0x00007fd1ded02260] Threads_lock - owner thread: 0x00007fd1df022000

Heap:
 PSYoungGen      total 601088K, used 16186K [0x000000076ab00000, 0x0000000796700000, 0x00000007c0000000)
  eden space 574976K, 0% used [0x000000076ab00000,0x000000076ae30730,0x000000078dc80000)
  from space 26112K, 49% used [0x000000078dc80000,0x000000078e91e180,0x000000078f600000)
  to   space 25088K, 0% used [0x0000000794e80000,0x0000000794e80000,0x0000000796700000)
 ParOldGen       total 239616K, used 47788K [0x00000006c0000000, 0x00000006cea00000, 0x000000076ab00000)
  object space 239616K, 19% used [0x00000006c0000000,0x00000006c2eab308,0x00000006cea00000)
 Metaspace       used 62479K, capacity 86757K, committed 86936K, reserved 1107968K
  class space    used 17539K, capacity 27521K, committed 27544K, reserved 1048576K

Card table byte_map: [0x000000010a74f000,0x000000010af50000] byte_map_base: 0x000000010714f000

Marking Bits: (ParMarkBitMap*) 0x0000000109ce3ea0
 Begin Bits: [0x000000010b4a6000, 0x000000010f4a6000)
 End Bits:   [0x000000010f4a6000, 0x00000001134a6000)

Polling page: 0x00000001081d1000

CodeCache: size=245760Kb used=12745Kb max_used=12745Kb free=233014Kb
 bounds [0x0000000115809000, 0x0000000116489000, 0x0000000124809000]
 total_blobs=6363 nmethods=5752 adapters=523
 compilation: enabled

Compilation events (10 events):
Event: 54045.714 Thread 0x00007fd1e1842000 5772       1       cider.nrepl.middleware.util.java$resolve_class$fn__10189::<init> (15 bytes)
Event: 54045.715 Thread 0x00007fd1e1842000 nmethod 5772 0x000000011647aa90 code [0x000000011647abe0, 0x000000011647ad10]
Event: 54045.715 Thread 0x00007fd1e1842000 5773   !   1       cider.nrepl.middleware.util.java$resolve_class$fn__10189::invoke (34 bytes)
Event: 54045.715 Thread 0x00007fd1e1842000 nmethod 5773 0x000000011647ad90 code [0x000000011647af00, 0x000000011647b0e8]
Event: 54045.715 Thread 0x00007fd1e1842000 5774       1       cider.nrepl.middleware.util.java$resolve_member$fn__10194::<init> (10 bytes)
Event: 54045.715 Thread 0x00007fd1e1842000 nmethod 5774 0x000000011647b210 code [0x000000011647b360, 0x000000011647b490]
Event: 54133.540 Thread 0x00007fd1e1842000 5775       1       java.lang.Long::toString (8 bytes)
Event: 54133.540 Thread 0x00007fd1e1842000 nmethod 5775 0x000000011647b510 code [0x000000011647b680, 0x000000011647b7a8]
Event: 54442.039 Thread 0x00007fd1e1842000 5776       1       java.lang.Class::getDeclaredFields (18 bytes)
Event: 54442.040 Thread 0x00007fd1e1842000 nmethod 5776 0x000000011647b810 code [0x000000011647b9a0, 0x000000011647bb38]

GC Heap History (10 events):
Event: 6.247 GC heap before
{Heap before GC invocations=14 (full 3):
 PSYoungGen      total 387072K, used 12212K [0x000000076ab00000, 0x000000078b900000, 0x00000007c0000000)
  eden space 363520K, 0% used [0x000000076ab00000,0x000000076ab00000,0x0000000780e00000)
  from space 23552K, 51% used [0x0000000780e00000,0x00000007819ed198,0x0000000782500000)
  to   space 23040K, 0% used [0x000000078a280000,0x000000078a280000,0x000000078b900000)
 ParOldGen       total 154112K, used 39754K [0x00000006c0000000, 0x00000006c9680000, 0x000000076ab00000)
  object space 154112K, 25% used [0x00000006c0000000,0x00000006c26d29a0,0x00000006c9680000)
 Metaspace       used 45365K, capacity 59053K, committed 59160K, reserved 1091584K
  class space    used 11612K, capacity 17077K, committed 17176K, reserved 1048576K
Event: 6.456 GC heap after
Heap after GC invocations=14 (full 3):
 PSYoungGen      total 387072K, used 0K [0x000000076ab00000, 0x000000078b900000, 0x00000007c0000000)
  eden space 363520K, 0% used [0x000000076ab00000,0x000000076ab00000,0x0000000780e00000)
  from space 23552K, 0% used [0x0000000780e00000,0x0000000780e00000,0x0000000782500000)
  to   space 23040K, 0% used [0x000000078a280000,0x000000078a280000,0x000000078b900000)
 ParOldGen       total 239616K, used 41089K [0x00000006c0000000, 0x00000006cea00000, 0x000000076ab00000)
  object space 239616K, 17% used [0x00000006c0000000,0x00000006c2820528,0x00000006cea00000)
 Metaspace       used 45365K, capacity 59053K, committed 59160K, reserved 1091584K
  class space    used 11612K, capacity 17077K, committed 17176K, reserved 1048576K
}
Event: 7.375 GC heap before
{Heap before GC invocations=15 (full 3):
 PSYoungGen      total 387072K, used 363520K [0x000000076ab00000, 0x000000078b900000, 0x00000007c0000000)
  eden space 363520K, 100% used [0x000000076ab00000,0x0000000780e00000,0x0000000780e00000)
  from space 23552K, 0% used [0x0000000780e00000,0x0000000780e00000,0x0000000782500000)
  to   space 23040K, 0% used [0x000000078a280000,0x000000078a280000,0x000000078b900000)
 ParOldGen       total 239616K, used 41089K [0x00000006c0000000, 0x00000006cea00000, 0x000000076ab00000)
  object space 239616K, 17% used [0x00000006c0000000,0x00000006c2820528,0x00000006cea00000)
 Metaspace       used 45663K, capacity 59377K, committed 59672K, reserved 1091584K
  class space    used 11655K, capacity 17113K, committed 17176K, reserved 1048576K
Event: 7.408 GC heap after
Heap after GC invocations=15 (full 3):
 PSYoungGen      total 487424K, used 23014K [0x000000076ab00000, 0x000000078b900000, 0x00000007c0000000)
  eden space 464384K, 0% used [0x000000076ab00000,0x000000076ab00000,0x0000000787080000)
  from space 23040K, 99% used [0x000000078a280000,0x000000078b8f9808,0x000000078b900000)
  to   space 27648K, 0% used [0x0000000788300000,0x0000000788300000,0x0000000789e00000)
 ParOldGen       total 239616K, used 43480K [0x00000006c0000000, 0x00000006cea00000, 0x000000076ab00000)
  object space 239616K, 18% used [0x00000006c0000000,0x00000006c2a76150,0x00000006cea00000)
 Metaspace       used 45663K, capacity 59377K, committed 59672K, reserved 1091584K
  class space    used 11655K, capacity 17113K, committed 17176K, reserved 1048576K
}
Event: 254.937 GC heap before
{Heap before GC invocations=16 (full 3):
 PSYoungGen      total 487424K, used 487398K [0x000000076ab00000, 0x000000078b900000, 0x00000007c0000000)
  eden space 464384K, 100% used [0x000000076ab00000,0x0000000787080000,0x0000000787080000)
  from space 23040K, 99% used [0x000000078a280000,0x000000078b8f9808,0x000000078b900000)
  to   space 27648K, 0% used [0x0000000788300000,0x0000000788300000,0x0000000789e00000)
 ParOldGen       total 239616K, used 43480K [0x00000006c0000000, 0x00000006cea00000, 0x000000076ab00000)
  object space 239616K, 18% used [0x00000006c0000000,0x00000006c2a76150,0x00000006cea00000)
 Metaspace       used 48416K, capacity 64405K, committed 64664K, reserved 1095680K
  class space    used 12708K, capacity 19021K, committed 19096K, reserved 1048576K
Event: 254.961 GC heap after
Heap after GC invocations=16 (full 3):
 PSYoungGen      total 510976K, used 16231K [0x000000076ab00000, 0x0000000791100000, 0x00000007c0000000)
  eden space 483328K, 0% used [0x000000076ab00000,0x000000076ab00000,0x0000000788300000)
  from space 27648K, 58% used [0x0000000788300000,0x00000007892d9cd8,0x0000000789e00000)
  to   space 27648K, 0% used [0x000000078f600000,0x000000078f600000,0x0000000791100000)
 ParOldGen       total 239616K, used 47772K [0x00000006c0000000, 0x00000006cea00000, 0x000000076ab00000)
  object space 239616K, 19% used [0x00000006c0000000,0x00000006c2ea7308,0x00000006cea00000)
 Metaspace       used 48416K, capacity 64405K, committed 64664K, reserved 1095680K
  class space    used 12708K, capacity 19021K, committed 19096K, reserved 1048576K
}
Event: 1852.358 GC heap before
{Heap before GC invocations=17 (full 3):
 PSYoungGen      total 510976K, used 499559K [0x000000076ab00000, 0x0000000791100000, 0x00000007c0000000)
  eden space 483328K, 100% used [0x000000076ab00000,0x0000000788300000,0x0000000788300000)
  from space 27648K, 58% used [0x0000000788300000,0x00000007892d9cd8,0x0000000789e00000)
  to   space 27648K, 0% used [0x000000078f600000,0x000000078f600000,0x0000000791100000)
 ParOldGen       total 239616K, used 47772K [0x00000006c0000000, 0x00000006cea00000, 0x000000076ab00000)
  object space 239616K, 19% used [0x00000006c0000000,0x00000006c2ea7308,0x00000006cea00000)
 Metaspace       used 60716K, capacity 84441K, committed 84504K, reserved 1107968K
  class space    used 17029K, capacity 26855K, committed 26904K, reserved 1048576K
Event: 1852.366 GC heap after
Heap after GC invocations=17 (full 3):
 PSYoungGen      total 602624K, used 10711K [0x000000076ab00000, 0x0000000791200000, 0x00000007c0000000)
  eden space 574976K, 0% used [0x000000076ab00000,0x000000076ab00000,0x000000078dc80000)
  from space 27648K, 38% used [0x000000078f600000,0x0000000790075eb8,0x0000000791100000)
  to   space 26112K, 0% used [0x000000078dc80000,0x000000078dc80000,0x000000078f600000)
 ParOldGen       total 239616K, used 47780K [0x00000006c0000000, 0x00000006cea00000, 0x000000076ab00000)
  object space 239616K, 19% used [0x00000006c0000000,0x00000006c2ea9308,0x00000006cea00000)
 Metaspace       used 60716K, capacity 84441K, committed 84504K, reserved 1107968K
  class space    used 17029K, capacity 26855K, committed 26904K, reserved 1048576K
}
Event: 54481.018 GC heap before
{Heap before GC invocations=18 (full 3):
 PSYoungGen      total 602624K, used 585687K [0x000000076ab00000, 0x0000000791200000, 0x00000007c0000000)
  eden space 574976K, 100% used [0x000000076ab00000,0x000000078dc80000,0x000000078dc80000)
  from space 27648K, 38% used [0x000000078f600000,0x0000000790075eb8,0x0000000791100000)
  to   space 26112K, 0% used [0x000000078dc80000,0x000000078dc80000,0x000000078f600000)
 ParOldGen       total 239616K, used 47780K [0x00000006c0000000, 0x00000006cea00000, 0x000000076ab00000)
  object space 239616K, 19% used [0x00000006c0000000,0x00000006c2ea9308,0x00000006cea00000)
 Metaspace       used 62478K, capacity 86757K, committed 86936K, reserved 1107968K
  class space    used 17539K, capacity 27521K, committed 27544K, reserved 1048576K
Event: 54481.129 GC heap after
Heap after GC invocations=18 (full 3):
 PSYoungGen      total 601088K, used 12920K [0x000000076ab00000, 0x0000000796700000, 0x00000007c0000000)
  eden space 574976K, 0% used [0x000000076ab00000,0x000000076ab00000,0x000000078dc80000)
  from space 26112K, 49% used [0x000000078dc80000,0x000000078e91e180,0x000000078f600000)
  to   space 25088K, 0% used [0x0000000794e80000,0x0000000794e80000,0x0000000796700000)
 ParOldGen       total 239616K, used 47788K [0x00000006c0000000, 0x00000006cea00000, 0x000000076ab00000)
  object space 239616K, 19% used [0x00000006c0000000,0x00000006c2eab308,0x00000006cea00000)
 Metaspace       used 62478K, capacity 86757K, committed 86936K, reserved 1107968K
  class space    used 17539K, capacity 27521K, committed 27544K, reserved 1048576K
}

Deoptimization events (0 events):
No events

Internal exceptions (10 events):
Event: 54479.985 Thread 0x00007fd1df55d000 Exception <a 'java/lang/ClassNotFoundException': > (0x000000078dc785d8) thrown at [/Users/java_re/workspace/8-2-build-macosx-x86_64/jdk8u74/6087/hotspot/src/share/vm/prims/jni.cpp, line 735]
Event: 54481.131 Thread 0x00007fd1df55d000 Implicit null exception at 0x00000001162081f9 to 0x00000001162085f1
Event: 54481.131 Thread 0x00007fd1df55d000 Exception <a 'java/lang/NullPointerException'> (0x000000076ab156c0) thrown at [/Users/java_re/workspace/8-2-build-macosx-x86_64/jdk8u74/6087/hotspot/src/share/vm/runtime/sharedRuntime.cpp, line 605]
Event: 54481.132 Thread 0x00007fd1df029800 Exception <a 'java/lang/NullPointerException'> (0x000000076abd1280) thrown at [/Users/java_re/workspace/8-2-build-macosx-x86_64/jdk8u74/6087/hotspot/src/share/vm/interpreter/linkResolver.cpp, line 1178]
Event: 54481.132 Thread 0x00007fd1df55d000 Exception <a 'java/lang/ClassNotFoundException': > (0x000000076ab43008) thrown at [/Users/java_re/workspace/8-2-build-macosx-x86_64/jdk8u74/6087/hotspot/src/share/vm/prims/jni.cpp, line 735]
Event: 54481.132 Thread 0x00007fd1df029800 Exception <a 'java/lang/NullPointerException'> (0x000000076abd1488) thrown at [/Users/java_re/workspace/8-2-build-macosx-x86_64/jdk8u74/6087/hotspot/src/share/vm/interpreter/linkResolver.cpp, line 1178]
Event: 54481.132 Thread 0x00007fd1df029800 Exception <a 'java/lang/NullPointerException'> (0x000000076abd1690) thrown at [/Users/java_re/workspace/8-2-build-macosx-x86_64/jdk8u74/6087/hotspot/src/share/vm/interpreter/linkResolver.cpp, line 1178]
Event: 54481.132 Thread 0x00007fd1df029800 Exception <a 'java/lang/NullPointerException'> (0x000000076abd1898) thrown at [/Users/java_re/workspace/8-2-build-macosx-x86_64/jdk8u74/6087/hotspot/src/share/vm/interpreter/linkResolver.cpp, line 1178]
Event: 54481.132 Thread 0x00007fd1df55d000 Exception <a 'java/lang/ClassNotFoundException': > (0x000000076ab440b0) thrown at [/Users/java_re/workspace/8-2-build-macosx-x86_64/jdk8u74/6087/hotspot/src/share/vm/prims/jni.cpp, line 735]
Event: 54481.133 Thread 0x00007fd1df55d000 Exception <a 'java/lang/ClassNotFoundException': > (0x000000076ab45158) thrown at [/Users/java_re/workspace/8-2-build-macosx-x86_64/jdk8u74/6087/hotspot/src/share/vm/prims/jni.cpp, line 735]

Events (10 events):
Event: 54481.132 Executing VM operation: RevokeBias done
Event: 54481.132 Executing VM operation: RevokeBias
Event: 54481.132 Executing VM operation: RevokeBias done
Event: 54481.132 Executing VM operation: RevokeBias
Event: 54481.132 Executing VM operation: RevokeBias done
Event: 54481.133 Executing VM operation: RevokeBias
Event: 54481.133 Executing VM operation: RevokeBias done
Event: 54481.133 Executing VM operation: RevokeBias
Event: 54481.133 Executing VM operation: RevokeBias done
Event: 54481.133 Executing VM operation: RevokeBias


Dynamic libraries:
0x000000002679d000 	/System/Library/Frameworks/Cocoa.framework/Versions/A/Cocoa
0x000000002679d000 	/System/Library/Frameworks/Security.framework/Versions/A/Security
0x000000002679d000 	/System/Library/Frameworks/ApplicationServices.framework/Versions/A/ApplicationServices
0x000000002679d000 	/usr/lib/libz.1.dylib
0x000000002679d000 	/usr/lib/libSystem.B.dylib
0x000000002679d000 	/usr/lib/libobjc.A.dylib
0x000000002679d000 	/System/Library/Frameworks/CoreFoundation.framework/Versions/A/CoreFoundation
0x000000002679d000 	/System/Library/Frameworks/Foundation.framework/Versions/C/Foundation
0x000000002679d000 	/System/Library/Frameworks/AppKit.framework/Versions/C/AppKit
0x000000002679d000 	/System/Library/Frameworks/CoreData.framework/Versions/A/CoreData
0x000000002679d000 	/System/Library/PrivateFrameworks/RemoteViewServices.framework/Versions/A/RemoteViewServices
0x000000002679d000 	/System/Library/PrivateFrameworks/UIFoundation.framework/Versions/A/UIFoundation
0x000000002679d000 	/System/Library/PrivateFrameworks/DFRFoundation.framework/Versions/A/DFRFoundation
0x000000002679d000 	/System/Library/Frameworks/Metal.framework/Versions/A/Metal
0x000000002679d000 	/System/Library/PrivateFrameworks/DesktopServicesPriv.framework/Versions/A/DesktopServicesPriv
0x000000002679d000 	/usr/lib/libenergytrace.dylib
0x000000002679d000 	/System/Library/PrivateFrameworks/SkyLight.framework/Versions/A/SkyLight
0x000000002679d000 	/System/Library/Frameworks/CoreGraphics.framework/Versions/A/CoreGraphics
0x000000002679d000 	/usr/lib/libScreenReader.dylib
0x000000002679d000 	/System/Library/Frameworks/Accelerate.framework/Versions/A/Accelerate
0x000000002679d000 	/System/Library/Frameworks/IOSurface.framework/Versions/A/IOSurface
0x000000002679d000 	/System/Library/Frameworks/AudioToolbox.framework/Versions/A/AudioToolbox
0x000000002679d000 	/System/Library/Frameworks/AudioUnit.framework/Versions/A/AudioUnit
0x000000002679d000 	/System/Library/PrivateFrameworks/DataDetectorsCore.framework/Versions/A/DataDetectorsCore
0x000000002679d000 	/System/Library/Frameworks/Carbon.framework/Versions/A/Frameworks/HIToolbox.framework/Versions/A/HIToolbox
0x000000002679d000 	/usr/lib/libicucore.A.dylib
0x000000002679d000 	/System/Library/Frameworks/QuartzCore.framework/Versions/A/QuartzCore
0x000000002679d000 	/System/Library/Frameworks/Carbon.framework/Versions/A/Frameworks/SpeechRecognition.framework/Versions/A/SpeechRecognition
0x000000002679d000 	/usr/lib/libauto.dylib
0x000000002679d000 	/usr/lib/libxml2.2.dylib
0x000000002679d000 	/System/Library/PrivateFrameworks/CoreUI.framework/Versions/A/CoreUI
0x000000002679d000 	/System/Library/Frameworks/CoreAudio.framework/Versions/A/CoreAudio
0x000000002679d000 	/System/Library/Frameworks/DiskArbitration.framework/Versions/A/DiskArbitration
0x000000002679d000 	/usr/lib/liblangid.dylib
0x000000002679d000 	/System/Library/PrivateFrameworks/MultitouchSupport.framework/Versions/A/MultitouchSupport
0x000000002679d000 	/System/Library/Frameworks/IOKit.framework/Versions/A/IOKit
0x000000002679d000 	/usr/lib/libDiagnosticMessagesClient.dylib
0x000000002679d000 	/System/Library/Frameworks/CoreServices.framework/Versions/A/CoreServices
0x000000002679d000 	/System/Library/PrivateFrameworks/PerformanceAnalysis.framework/Versions/A/PerformanceAnalysis
0x000000002679d000 	/System/Library/Frameworks/OpenGL.framework/Versions/A/OpenGL
0x000000002679d000 	/System/Library/Frameworks/ColorSync.framework/Versions/A/ColorSync
0x000000002679d000 	/System/Library/Frameworks/CoreImage.framework/Versions/A/CoreImage
0x000000002679d000 	/System/Library/Frameworks/CoreText.framework/Versions/A/CoreText
0x000000002679d000 	/System/Library/Frameworks/ImageIO.framework/Versions/A/ImageIO
0x000000002679d000 	/System/Library/PrivateFrameworks/Backup.framework/Versions/A/Backup
0x000000002679d000 	/usr/lib/libarchive.2.dylib
0x000000002679d000 	/System/Library/Frameworks/CFNetwork.framework/Versions/A/CFNetwork
0x000000002679d000 	/System/Library/Frameworks/SystemConfiguration.framework/Versions/A/SystemConfiguration
0x000000002679d000 	/usr/lib/libCRFSuite.dylib
0x000000002679d000 	/usr/lib/libc++.1.dylib
0x000000002679d000 	/usr/lib/libc++abi.dylib
0x000000002679d000 	/usr/lib/system/libcache.dylib
0x000000002679d000 	/usr/lib/system/libcommonCrypto.dylib
0x000000002679d000 	/usr/lib/system/libcompiler_rt.dylib
0x000000002679d000 	/usr/lib/system/libcopyfile.dylib
0x000000002679d000 	/usr/lib/system/libcorecrypto.dylib
0x000000002679d000 	/usr/lib/system/libdispatch.dylib
0x000000002679d000 	/usr/lib/system/libdyld.dylib
0x000000002679d000 	/usr/lib/system/libkeymgr.dylib
0x000000002679d000 	/usr/lib/system/liblaunch.dylib
0x000000002679d000 	/usr/lib/system/libmacho.dylib
0x000000002679d000 	/usr/lib/system/libquarantine.dylib
0x000000002679d000 	/usr/lib/system/libremovefile.dylib
0x000000002679d000 	/usr/lib/system/libsystem_asl.dylib
0x000000002679d000 	/usr/lib/system/libsystem_blocks.dylib
0x000000002679d000 	/usr/lib/system/libsystem_c.dylib
0x000000002679d000 	/usr/lib/system/libsystem_configuration.dylib
0x000000002679d000 	/usr/lib/system/libsystem_coreservices.dylib
0x000000002679d000 	/usr/lib/system/libsystem_darwin.dylib
0x000000002679d000 	/usr/lib/system/libsystem_dnssd.dylib
0x000000002679d000 	/usr/lib/system/libsystem_info.dylib
0x000000002679d000 	/usr/lib/system/libsystem_m.dylib
0x000000002679d000 	/usr/lib/system/libsystem_malloc.dylib
0x000000002679d000 	/usr/lib/system/libsystem_network.dylib
0x000000002679d000 	/usr/lib/system/libsystem_networkextension.dylib
0x000000002679d000 	/usr/lib/system/libsystem_notify.dylib
0x000000002679d000 	/usr/lib/system/libsystem_sandbox.dylib
0x000000002679d000 	/usr/lib/system/libsystem_secinit.dylib
0x000000002679d000 	/usr/lib/system/libsystem_kernel.dylib
0x000000002679d000 	/usr/lib/system/libsystem_platform.dylib
0x000000002679d000 	/usr/lib/system/libsystem_pthread.dylib
0x000000002679d000 	/usr/lib/system/libsystem_symptoms.dylib
0x000000002679d000 	/usr/lib/system/libsystem_trace.dylib
0x000000002679d000 	/usr/lib/system/libunwind.dylib
0x000000002679d000 	/usr/lib/system/libxpc.dylib
0x000000002679d000 	/usr/lib/closure/libclosured.dylib
0x000000002679d000 	/usr/lib/libbsm.0.dylib
0x000000002679d000 	/usr/lib/system/libkxld.dylib
0x000000002679d000 	/usr/lib/libOpenScriptingUtil.dylib
0x000000002679d000 	/usr/lib/libcoretls.dylib
0x000000002679d000 	/usr/lib/libcoretls_cfhelpers.dylib
0x000000002679d000 	/usr/lib/libpam.2.dylib
0x000000002679d000 	/usr/lib/libsqlite3.dylib
0x000000002679d000 	/usr/lib/libxar.1.dylib
0x000000002679d000 	/usr/lib/libbz2.1.0.dylib
0x000000002679d000 	/usr/lib/liblzma.5.dylib
0x000000002679d000 	/usr/lib/libnetwork.dylib
0x000000002679d000 	/usr/lib/libapple_nghttp2.dylib
0x000000002679d000 	/usr/lib/libpcap.A.dylib
0x000000002679d000 	/usr/lib/libboringssl.dylib
0x000000002679d000 	/usr/lib/libusrtcp.dylib
0x000000002679d000 	/usr/lib/libapple_crypto.dylib
0x000000002679d000 	/System/Library/Frameworks/CoreServices.framework/Versions/A/Frameworks/FSEvents.framework/Versions/A/FSEvents
0x000000002679d000 	/System/Library/Frameworks/CoreServices.framework/Versions/A/Frameworks/CarbonCore.framework/Versions/A/CarbonCore
0x000000002679d000 	/System/Library/Frameworks/CoreServices.framework/Versions/A/Frameworks/Metadata.framework/Versions/A/Metadata
0x000000002679d000 	/System/Library/Frameworks/CoreServices.framework/Versions/A/Frameworks/OSServices.framework/Versions/A/OSServices
0x000000002679d000 	/System/Library/Frameworks/CoreServices.framework/Versions/A/Frameworks/SearchKit.framework/Versions/A/SearchKit
0x000000002679d000 	/System/Library/Frameworks/CoreServices.framework/Versions/A/Frameworks/AE.framework/Versions/A/AE
0x000000002679d000 	/System/Library/Frameworks/CoreServices.framework/Versions/A/Frameworks/LaunchServices.framework/Versions/A/LaunchServices
0x000000002679d000 	/System/Library/Frameworks/CoreServices.framework/Versions/A/Frameworks/DictionaryServices.framework/Versions/A/DictionaryServices
0x000000002679d000 	/System/Library/Frameworks/CoreServices.framework/Versions/A/Frameworks/SharedFileList.framework/Versions/A/SharedFileList
0x000000002679d000 	/System/Library/Frameworks/NetFS.framework/Versions/A/NetFS
0x000000002679d000 	/System/Library/PrivateFrameworks/NetAuth.framework/Versions/A/NetAuth
0x000000002679d000 	/System/Library/PrivateFrameworks/login.framework/Versions/A/Frameworks/loginsupport.framework/Versions/A/loginsupport
0x000000002679d000 	/System/Library/PrivateFrameworks/TCC.framework/Versions/A/TCC
0x000000002679d000 	/usr/lib/libmecabra.dylib
0x000000002679d000 	/System/Library/Frameworks/ApplicationServices.framework/Versions/A/Frameworks/ATS.framework/Versions/A/ATS
0x000000002679d000 	/System/Library/Frameworks/ApplicationServices.framework/Versions/A/Frameworks/ColorSyncLegacy.framework/Versions/A/ColorSyncLegacy
0x000000002679d000 	/System/Library/Frameworks/ApplicationServices.framework/Versions/A/Frameworks/HIServices.framework/Versions/A/HIServices
0x000000002679d000 	/System/Library/Frameworks/ApplicationServices.framework/Versions/A/Frameworks/LangAnalysis.framework/Versions/A/LangAnalysis
0x000000002679d000 	/System/Library/Frameworks/ApplicationServices.framework/Versions/A/Frameworks/PrintCore.framework/Versions/A/PrintCore
0x000000002679d000 	/System/Library/Frameworks/ApplicationServices.framework/Versions/A/Frameworks/QD.framework/Versions/A/QD
0x000000002679d000 	/System/Library/Frameworks/ApplicationServices.framework/Versions/A/Frameworks/SpeechSynthesis.framework/Versions/A/SpeechSynthesis
0x000000002679d000 	/System/Library/Frameworks/CoreDisplay.framework/Versions/A/CoreDisplay
0x000000002679d000 	/System/Library/Frameworks/Accelerate.framework/Versions/A/Frameworks/vImage.framework/Versions/A/vImage
0x000000002679d000 	/System/Library/Frameworks/Accelerate.framework/Versions/A/Frameworks/vecLib.framework/Versions/A/vecLib
0x000000002679d000 	/System/Library/Frameworks/Accelerate.framework/Versions/A/Frameworks/vecLib.framework/Versions/A/libvDSP.dylib
0x000000002679d000 	/System/Library/Frameworks/Accelerate.framework/Versions/A/Frameworks/vecLib.framework/Versions/A/libBNNS.dylib
0x000000002679d000 	/System/Library/Frameworks/Accelerate.framework/Versions/A/Frameworks/vecLib.framework/Versions/A/libQuadrature.dylib
0x000000002679d000 	/System/Library/Frameworks/Accelerate.framework/Versions/A/Frameworks/vecLib.framework/Versions/A/libvMisc.dylib
0x000000002679d000 	/System/Library/Frameworks/Accelerate.framework/Versions/A/Frameworks/vecLib.framework/Versions/A/libLAPACK.dylib
0x000000002679d000 	/System/Library/Frameworks/Accelerate.framework/Versions/A/Frameworks/vecLib.framework/Versions/A/libBLAS.dylib
0x000000002679d000 	/System/Library/Frameworks/Accelerate.framework/Versions/A/Frameworks/vecLib.framework/Versions/A/libLinearAlgebra.dylib
0x000000002679d000 	/System/Library/Frameworks/Accelerate.framework/Versions/A/Frameworks/vecLib.framework/Versions/A/libSparse.dylib
0x000000002679d000 	/System/Library/Frameworks/Accelerate.framework/Versions/A/Frameworks/vecLib.framework/Versions/A/libSparseBLAS.dylib
0x000000002679d000 	/System/Library/PrivateFrameworks/IOAccelerator.framework/Versions/A/IOAccelerator
0x000000002679d000 	/System/Library/PrivateFrameworks/IOPresentment.framework/Versions/A/IOPresentment
0x000000002679d000 	/System/Library/PrivateFrameworks/DSExternalDisplay.framework/Versions/A/DSExternalDisplay
0x000000002679d000 	/System/Library/Frameworks/OpenGL.framework/Versions/A/Libraries/libCoreFSCache.dylib
0x000000002679d000 	/System/Library/Frameworks/CoreVideo.framework/Versions/A/CoreVideo
0x000000002679d000 	/System/Library/PrivateFrameworks/GraphVisualizer.framework/Versions/A/GraphVisualizer
0x000000002679d000 	/System/Library/Frameworks/MetalPerformanceShaders.framework/Versions/A/MetalPerformanceShaders
0x000000002679d000 	/usr/lib/libFosl_dynamic.dylib
0x000000002679d000 	/System/Library/PrivateFrameworks/FaceCore.framework/Versions/A/FaceCore
0x000000002679d000 	/System/Library/Frameworks/OpenCL.framework/Versions/A/OpenCL
0x000000002679d000 	/usr/lib/libcompression.dylib
0x000000002679d000 	/System/Library/Frameworks/ApplicationServices.framework/Versions/A/Frameworks/ATS.framework/Versions/A/Resources/libFontParser.dylib
0x000000002679d000 	/System/Library/Frameworks/ApplicationServices.framework/Versions/A/Frameworks/ATS.framework/Versions/A/Resources/libFontRegistry.dylib
0x000000002679d000 	/System/Library/Frameworks/ImageIO.framework/Versions/A/Resources/libJPEG.dylib
0x000000002679d000 	/System/Library/Frameworks/ImageIO.framework/Versions/A/Resources/libTIFF.dylib
0x000000002679d000 	/System/Library/Frameworks/ImageIO.framework/Versions/A/Resources/libPng.dylib
0x000000002679d000 	/System/Library/Frameworks/ImageIO.framework/Versions/A/Resources/libGIF.dylib
0x000000002679d000 	/System/Library/Frameworks/ImageIO.framework/Versions/A/Resources/libJP2.dylib
0x000000002679d000 	/System/Library/Frameworks/ImageIO.framework/Versions/A/Resources/libRadiance.dylib
0x000000002679d000 	/System/Library/PrivateFrameworks/AppleJPEG.framework/Versions/A/AppleJPEG
0x000000002679d000 	/System/Library/PrivateFrameworks/MetalTools.framework/Versions/A/MetalTools
0x000000002679d000 	/System/Library/Frameworks/MetalPerformanceShaders.framework/Frameworks/MPSCore.framework/Versions/A/MPSCore
0x000000002679d000 	/System/Library/Frameworks/MetalPerformanceShaders.framework/Frameworks/MPSImage.framework/Versions/A/MPSImage
0x000000002679d000 	/System/Library/Frameworks/MetalPerformanceShaders.framework/Frameworks/MPSMatrix.framework/Versions/A/MPSMatrix
0x000000002679d000 	/System/Library/Frameworks/MetalPerformanceShaders.framework/Frameworks/MPSNeuralNetwork.framework/Versions/A/MPSNeuralNetwork
0x000000002679d000 	/System/Library/Frameworks/OpenGL.framework/Versions/A/Libraries/libGLU.dylib
0x000000002679d000 	/System/Library/Frameworks/OpenGL.framework/Versions/A/Libraries/libGFXShared.dylib
0x000000002679d000 	/System/Library/Frameworks/OpenGL.framework/Versions/A/Libraries/libGL.dylib
0x000000002679d000 	/System/Library/Frameworks/OpenGL.framework/Versions/A/Libraries/libGLImage.dylib
0x000000002679d000 	/System/Library/Frameworks/OpenGL.framework/Versions/A/Libraries/libCVMSPluginSupport.dylib
0x000000002679d000 	/System/Library/Frameworks/OpenGL.framework/Versions/A/Libraries/libCoreVMClient.dylib
0x000000002679d000 	/usr/lib/libcups.2.dylib
0x000000002679d000 	/System/Library/Frameworks/Kerberos.framework/Versions/A/Kerberos
0x000000002679d000 	/System/Library/Frameworks/GSS.framework/Versions/A/GSS
0x000000002679d000 	/usr/lib/libresolv.9.dylib
0x000000002679d000 	/usr/lib/libiconv.2.dylib
0x000000002679d000 	/System/Library/PrivateFrameworks/Heimdal.framework/Versions/A/Heimdal
0x000000002679d000 	/usr/lib/libheimdal-asn1.dylib
0x00000001081ae000 	/System/Library/Frameworks/OpenDirectory.framework/Versions/A/OpenDirectory
0x000000002679d000 	/System/Library/PrivateFrameworks/CommonAuth.framework/Versions/A/CommonAuth
0x00000001081d3000 	/System/Library/Frameworks/OpenDirectory.framework/Versions/A/Frameworks/CFOpenDirectory.framework/Versions/A/CFOpenDirectory
0x000000002679d000 	/System/Library/Frameworks/SecurityFoundation.framework/Versions/A/SecurityFoundation
0x000000002679d000 	/System/Library/PrivateFrameworks/APFS.framework/Versions/A/APFS
0x000000002679d000 	/usr/lib/libutil.dylib
0x000000002679d000 	/System/Library/PrivateFrameworks/AppleSauce.framework/Versions/A/AppleSauce
0x000000002679d000 	/System/Library/PrivateFrameworks/LinguisticData.framework/Versions/A/LinguisticData
0x000000002679d000 	/usr/lib/libmarisa.dylib
0x000000002679d000 	/System/Library/PrivateFrameworks/Lexicon.framework/Versions/A/Lexicon
0x000000002679d000 	/usr/lib/libChineseTokenizer.dylib
0x000000002679d000 	/usr/lib/libcmph.dylib
0x000000002679d000 	/System/Library/PrivateFrameworks/LanguageModeling.framework/Versions/A/LanguageModeling
0x000000002679d000 	/System/Library/PrivateFrameworks/CoreEmoji.framework/Versions/A/CoreEmoji
0x000000002679d000 	/System/Library/Frameworks/ServiceManagement.framework/Versions/A/ServiceManagement
0x000000002679d000 	/System/Library/PrivateFrameworks/BackgroundTaskManagement.framework/Versions/A/BackgroundTaskManagement
0x000000002679d000 	/usr/lib/libxslt.1.dylib
0x000000002679d000 	/System/Library/Frameworks/Carbon.framework/Versions/A/Frameworks/Ink.framework/Versions/A/Ink
0x000000002679d000 	/System/Library/PrivateFrameworks/TextureIO.framework/Versions/A/TextureIO
0x000000002679d000 	/usr/lib/libate.dylib
0x000000002679d000 	/System/Library/PrivateFrameworks/CrashReporterSupport.framework/Versions/A/CrashReporterSupport
0x000000002679d000 	/System/Library/PrivateFrameworks/Sharing.framework/Versions/A/Sharing
0x000000002679d000 	/System/Library/PrivateFrameworks/IconServices.framework/Versions/A/IconServices
0x000000002679d000 	/System/Library/PrivateFrameworks/ProtocolBuffer.framework/Versions/A/ProtocolBuffer
0x000000002679d000 	/System/Library/PrivateFrameworks/Apple80211.framework/Versions/A/Apple80211
0x000000002679d000 	/System/Library/Frameworks/CoreWLAN.framework/Versions/A/CoreWLAN
0x000000002679d000 	/System/Library/PrivateFrameworks/CoreUtils.framework/Versions/A/CoreUtils
0x000000002679d000 	/System/Library/Frameworks/IOBluetooth.framework/Versions/A/IOBluetooth
0x000000002679d000 	/System/Library/PrivateFrameworks/CoreWiFi.framework/Versions/A/CoreWiFi
0x000000002679d000 	/System/Library/Frameworks/CoreBluetooth.framework/Versions/A/CoreBluetooth
0x000000002679d000 	/System/Library/PrivateFrameworks/SignpostNotification.framework/Versions/A/SignpostNotification
0x000000002679d000 	/System/Library/PrivateFrameworks/DebugSymbols.framework/Versions/A/DebugSymbols
0x000000002679d000 	/System/Library/PrivateFrameworks/CoreSymbolication.framework/Versions/A/CoreSymbolication
0x000000002679d000 	/System/Library/PrivateFrameworks/Symbolication.framework/Versions/A/Symbolication
0x000000002679d000 	/System/Library/PrivateFrameworks/AppleFSCompression.framework/Versions/A/AppleFSCompression
0x000000002679d000 	/System/Library/PrivateFrameworks/SpeechRecognitionCore.framework/Versions/A/SpeechRecognitionCore
0x0000000109400000 	/Library/Java/JavaVirtualMachines/jdk1.8.0_74.jdk/Contents/Home/jre/lib/server/libjvm.dylib
0x000000002679d000 	/usr/lib/libstdc++.6.0.9.dylib
0x0000000108231000 	/Library/Java/JavaVirtualMachines/jdk1.8.0_74.jdk/Contents/Home/jre/lib/libverify.dylib
0x000000010823f000 	/Library/Java/JavaVirtualMachines/jdk1.8.0_74.jdk/Contents/Home/jre/lib/libjava.dylib
0x00000001082bc000 	/Library/Java/JavaVirtualMachines/jdk1.8.0_74.jdk/Contents/Home/jre/lib/libzip.dylib
0x000000002679d000 	/System/Library/Frameworks/JavaVM.framework/Versions/A/Frameworks/JavaRuntimeSupport.framework/Versions/A/JavaRuntimeSupport
0x000000002679d000 	/System/Library/Frameworks/JavaVM.framework/Versions/A/Frameworks/JavaNativeFoundation.framework/Versions/A/JavaNativeFoundation
0x000000002679d000 	/System/Library/Frameworks/JavaVM.framework/Versions/A/JavaVM
0x000000002679d000 	/System/Library/Frameworks/Carbon.framework/Versions/A/Carbon
0x000000002679d000 	/System/Library/PrivateFrameworks/JavaLaunching.framework/Versions/A/JavaLaunching
0x000000002679d000 	/System/Library/Frameworks/Carbon.framework/Versions/A/Frameworks/CommonPanels.framework/Versions/A/CommonPanels
0x000000002679d000 	/System/Library/Frameworks/Carbon.framework/Versions/A/Frameworks/Help.framework/Versions/A/Help
0x000000002679d000 	/System/Library/Frameworks/Carbon.framework/Versions/A/Frameworks/ImageCapture.framework/Versions/A/ImageCapture
0x000000002679d000 	/System/Library/Frameworks/Carbon.framework/Versions/A/Frameworks/OpenScripting.framework/Versions/A/OpenScripting
0x000000002679d000 	/System/Library/Frameworks/Carbon.framework/Versions/A/Frameworks/Print.framework/Versions/A/Print
0x000000002679d000 	/System/Library/Frameworks/Carbon.framework/Versions/A/Frameworks/SecurityHI.framework/Versions/A/SecurityHI
0x0000000127374000 	/Library/Java/JavaVirtualMachines/jdk1.8.0_74.jdk/Contents/Home/jre/lib/libawt.dylib
0x000000012741c000 	/Library/Java/JavaVirtualMachines/jdk1.8.0_74.jdk/Contents/Home/jre/lib/./libmlib_image.dylib
0x00000001274e8000 	/Library/Java/JavaVirtualMachines/jdk1.8.0_74.jdk/Contents/Home/jre/lib/libawt_lwawt.dylib
0x000000012759d000 	/Library/Java/JavaVirtualMachines/jdk1.8.0_74.jdk/Contents/Home/jre/lib/./libosxapp.dylib
0x000000002679d000 	/System/Library/Frameworks/ExceptionHandling.framework/Versions/A/ExceptionHandling
0x000000002679d000 	/System/Library/PrivateFrameworks/CoreServicesInternal.framework/Versions/A/CoreServicesInternal
0x000000002679d000 	/System/Library/CoreServices/RawCamera.bundle/Contents/MacOS/RawCamera
0x000000002679d000 	/System/Library/PrivateFrameworks/MobileAsset.framework/Versions/A/MobileAsset
0x000000002679d000 	/System/Library/PrivateFrameworks/StreamingZip.framework/Versions/A/StreamingZip
0x000000002679d000 	/System/Library/Frameworks/MediaToolbox.framework/Versions/A/MediaToolbox
0x000000002679d000 	/System/Library/PrivateFrameworks/CoreAVCHD.framework/Versions/A/CoreAVCHD
0x000000002679d000 	/System/Library/Frameworks/MediaAccessibility.framework/Versions/A/MediaAccessibility
0x000000002679d000 	/System/Library/PrivateFrameworks/Mangrove.framework/Versions/A/Mangrove
0x000000002679d000 	/System/Library/Frameworks/CoreMedia.framework/Versions/A/CoreMedia
0x000000002679d000 	/System/Library/Frameworks/VideoToolbox.framework/Versions/A/VideoToolbox
0x000000002679d000 	/System/Library/PrivateFrameworks/CoreAUC.framework/Versions/A/CoreAUC
0x000000002679d000 	/usr/lib/libspindump.dylib
0x000000002679d000 	/usr/lib/libdscsym.dylib
0x000000002679d000 	/System/Library/PrivateFrameworks/AppleVA.framework/Versions/A/AppleVA
0x000000002679d000 	/System/Library/Frameworks/Accelerate.framework/Versions/A/Frameworks/vImage.framework/Versions/A/Libraries/libCGInterfaces.dylib
0x000000002679d000 	/System/Library/Frameworks/ApplicationServices.framework/Versions/A/Frameworks/ATS.framework/Versions/A/Resources/libTrueTypeScaler.dylib
0x000000002679d000 	/System/Library/Frameworks/OpenGL.framework/Versions/A/Resources/GLEngine.bundle/GLEngine
0x000000002679d000 	/System/Library/Frameworks/OpenGL.framework/Versions/A/Libraries/libGLProgrammability.dylib
0x000000012951b000 	/System/Library/Extensions/AppleIntelHD5000GraphicsGLDriver.bundle/Contents/MacOS/AppleIntelHD5000GraphicsGLDriver
0x000000002679d000 	/System/Library/PrivateFrameworks/GPUSupport.framework/Versions/A/Libraries/libGPUSupportMercury.dylib
0x000000002679d000 	/System/Library/Frameworks/OpenGL.framework/Versions/A/Resources/GLRendererFloat.bundle/GLRendererFloat
0x000000002679d000 	/System/Library/Frameworks/OpenCL.framework/Versions/A/Libraries/libcldcpuengine.dylib
0x000000002679d000 	/usr/lib/libcrypto.35.dylib
0x000000002679d000 	/System/Library/PrivateFrameworks/TrustEvaluationAgent.framework/Versions/A/TrustEvaluationAgent
0x000000002679d000 	/System/Library/Extensions/AppleIntelHD5000GraphicsMTLDriver.bundle/Contents/MacOS/AppleIntelHD5000GraphicsMTLDriver
0x000000002679d000 	/System/Library/PrivateFrameworks/GPUCompiler.framework/Versions/3802/Libraries/libmetal_timestamp.dylib
0x000000002679d000 	/System/Library/PrivateFrameworks/FamilyControls.framework/Versions/A/FamilyControls
0x000000002679d000 	/System/Library/PrivateFrameworks/CommerceKit.framework/Versions/A/Frameworks/CommerceCore.framework/Versions/A/CommerceCore
0x000000002679d000 	/System/Library/PrivateFrameworks/SystemAdministration.framework/Versions/A/SystemAdministration
0x000000002679d000 	/System/Library/PrivateFrameworks/AppContainer.framework/Versions/A/AppContainer
0x000000002679d000 	/System/Library/PrivateFrameworks/SecCodeWrapper.framework/Versions/A/SecCodeWrapper
0x000000002679d000 	/System/Library/PrivateFrameworks/DiskManagement.framework/Versions/A/DiskManagement
0x0000000126fc8000 	/System/Library/Frameworks/DirectoryService.framework/Versions/A/DirectoryService
0x000000002679d000 	/System/Library/PrivateFrameworks/DiskImages.framework/Versions/A/DiskImages
0x000000002679d000 	/System/Library/PrivateFrameworks/LoginUIKit.framework/Versions/A/Frameworks/LoginUICore.framework/Versions/A/LoginUICore
0x000000002679d000 	/usr/lib/libCoreStorage.dylib
0x000000002679d000 	/usr/lib/libcsfde.dylib
0x000000002679d000 	/usr/lib/libodfde.dylib
0x000000002679d000 	/System/Library/PrivateFrameworks/MediaKit.framework/Versions/A/MediaKit
0x000000002679d000 	/System/Library/Frameworks/DiscRecording.framework/Versions/A/DiscRecording
0x000000002679d000 	/System/Library/PrivateFrameworks/EFILogin.framework/Versions/A/EFILogin
0x000000002679d000 	/System/Library/PrivateFrameworks/ProtectedCloudStorage.framework/Versions/A/ProtectedCloudStorage
0x000000002679d000 	/usr/lib/libcurl.4.dylib
0x000000002679d000 	/usr/lib/libssl.35.dylib
0x000000002679d000 	/System/Library/Frameworks/LDAP.framework/Versions/A/LDAP
0x000000002679d000 	/usr/lib/libsasl2.2.dylib
0x000000002679d000 	/System/Library/PrivateFrameworks/CoreDaemon.framework/Versions/B/CoreDaemon
0x000000002679d000 	/System/Library/PrivateFrameworks/AppleSRP.framework/Versions/A/AppleSRP
0x000000002679d000 	/System/Library/PrivateFrameworks/ViewBridge.framework/Versions/A/ViewBridge
0x000000012a4c6000 	/Library/Java/JavaVirtualMachines/jdk1.8.0_74.jdk/Contents/Home/jre/lib/libfontmanager.dylib
0x0000000126f73000 	/Library/Java/JavaVirtualMachines/jdk1.8.0_74.jdk/Contents/Home/jre/lib/libnet.dylib
0x0000000126f8e000 	/Library/Java/JavaVirtualMachines/jdk1.8.0_74.jdk/Contents/Home/jre/lib/libosxui.dylib
0x000000012fe2a000 	/Library/Java/JavaVirtualMachines/jdk1.8.0_74.jdk/Contents/Home/jre/lib/libdcpr.dylib
0x000000002679d000 	/System/Library/PrivateFrameworks/login.framework/Versions/A/login
0x000000002679d000 	/System/Library/PrivateFrameworks/Shortcut.framework/Versions/A/Shortcut
0x000000002679d000 	/System/Library/PrivateFrameworks/HelpData.framework/Versions/A/HelpData
0x0000000134144000 	/Library/Java/JavaVirtualMachines/jdk1.8.0_74.jdk/Contents/Home/jre/lib/libnio.dylib

VM Arguments:
jvm_args: -Dfile.encoding=UTF-8 -XX:+TieredCompilation -XX:TieredStopAtLevel=1 -XX:-OmitStackTraceInFastThrow -Dclojure.compile.path=/Users/benjamin/Documents/Programming/clojure/trajectory/target/base+system+user+dev/classes -Dtrajectory.version=0.1.0-SNAPSHOT -Dclojure.debug=false 
java_command: clojure.main -i /private/var/folders/sf/hlkplt7s0v76f27_yvnjnml80000gn/T/form-init8114508406530315994.clj
java_class_path (initial): /Users/benjamin/Documents/Programming/clojure/trajectory/test:/Users/benjamin/Documents/Programming/clojure/trajectory/src:/Users/benjamin/Documents/Programming/clojure/trajectory/dev-resources:/Users/benjamin/Documents/Programming/clojure/trajectory/resources:/Users/benjamin/Documents/Programming/clojure/trajectory/target/base+system+user+dev/classes:/Users/benjamin/.m2/repository/net/mikera/clojure-utils/0.6.2/clojure-utils-0.6.2.jar:/Users/benjamin/.m2/repository/org/clojure/clojure/1.8.0/clojure-1.8.0.jar:/Users/benjamin/.m2/repository/cider/cider-nrepl/0.15.0-SNAPSHOT/cider-nrepl-0.15.0-SNAPSHOT.jar:/Users/benjamin/.m2/repository/net/mikera/core.matrix.stats/0.7.0/core.matrix.stats-0.7.0.jar:/Users/benjamin/.m2/repository/org/clojure/tools.macro/0.1.5/tools.macro-0.1.5.jar:/Users/benjamin/.m2/repository/com/miglayout/miglayout/3.7.4/miglayout-3.7.4.jar:/Users/benjamin/.m2/repository/org/clojure/tools.nrepl/0.2.12/tools.nrepl-0.2.12.jar:/Users/benjamin/.m2/repository/clojure-complete/clojure-complete/0.2.4/clojure-complete-0.2.4.jar:/Users/benjamin/.m2/repository/com/fifesoft/rsyntaxtextarea/2.5.6/rsyntaxtextarea-2.5.6.jar:/Users/benjamin/.m2/repository/net/mikera/core.matrix/0.36.1/core.matrix-0.36.1.jar:/Users/benjamin/.m2/repository/org/swinglabs/swingx/swingx-autocomplete/1.6.3/swingx-autocomplete-1.6.3.jar:/Users/benjamin/.m2/repository/j18n/j18n/1.0.2/j18n-1.0.2.jar:/Users/benjamin/.m2/repository/org/swinglabs/swingx/swingx-plaf/1.6.3/swingx-plaf-1.6.3.jar:/Users/benjamin/.m2/repository/org/swinglabs/swingx/swingx-painters/1.6.3/swingx-painters-1.6.3.jar:/Users/benjamin/.m2/repository/com/jgoodies/forms/1.2.1/forms-1.2.1.jar:/Users/benjamin/.m2/repository/seesaw/seesaw/1.4.5/seesaw-1.4.5.jar:/Users/benjamin/.m2/repository/org/swinglabs/swingx/swingx-common/1.6.3/swingx-common-1.6.3.jar:/Users/benjamin/.m2/repository/org/swinglabs/swingx/swingx-core/1.6.3/swingx-core-1.6.3.jar:/Users/benjamin/.m2/repository/org/tcrawley/dynapath
Launcher Type: SUN_STANDARD

Environment Variables:
CLASSPATH=/Users/benjamin/.lein/self-installs/leiningen-2.7.1-standalone.jar
PATH=/usr/local/bin:/usr/bin:/bin:
SHELL=/bin/bash
DISPLAY=MacBook-Pro

Signal Handlers:
SIGSEGV: [libjvm.dylib+0x5a6855], sa_mask[0]=11111111011111110111111111111111, sa_flags=SA_ONSTACK|SA_RESTART|SA_SIGINFO
SIGBUS: [libjvm.dylib+0x5a6855], sa_mask[0]=11111111011111110111111111111111, sa_flags=SA_RESTART|SA_SIGINFO
SIGFPE: [libjvm.dylib+0x4804ec], sa_mask[0]=11111111011111110111111111111111, sa_flags=SA_RESTART|SA_SIGINFO
SIGPIPE: [libjvm.dylib+0x4804ec], sa_mask[0]=11111111011111110111111111111111, sa_flags=SA_RESTART|SA_SIGINFO
SIGXFSZ: [libjvm.dylib+0x4804ec], sa_mask[0]=11111111011111110111111111111111, sa_flags=SA_RESTART|SA_SIGINFO
SIGILL: [libjvm.dylib+0x4804ec], sa_mask[0]=11111111011111110111111111111111, sa_flags=SA_RESTART|SA_SIGINFO
SIGUSR1: SIG_DFL, sa_mask[0]=11011111011111100000000111000110, sa_flags=none
SIGUSR2: [libjvm.dylib+0x48000a], sa_mask[0]=00100000000000000000000000000000, sa_flags=SA_RESTART|SA_SIGINFO
SIGHUP: [libjvm.dylib+0x47e5e1], sa_mask[0]=11111111011111110111111111111111, sa_flags=SA_RESTART|SA_SIGINFO
SIGINT: [libjvm.dylib+0x47e5e1], sa_mask[0]=11111111011111110111111111111111, sa_flags=SA_RESTART|SA_SIGINFO
SIGTERM: [libjvm.dylib+0x47e5e1], sa_mask[0]=11111111011111110111111111111111, sa_flags=SA_RESTART|SA_SIGINFO
SIGQUIT: [libjvm.dylib+0x47e5e1], sa_mask[0]=11111111011111110111111111111111, sa_flags=SA_RESTART|SA_SIGINFO


---------------  S Y S T E M  ---------------

OS:Bsduname:Darwin 17.2.0 Darwin Kernel Version 17.2.0: Fri Sep 29 18:27:05 PDT 2017; root:xnu-4570.20.62~3/RELEASE_X86_64 x86_64
rlimit: STACK 8515k, CORE 0k, NPROC 1418, NOFILE 10240, AS infinity
load average:1.70 1.75 1.81

CPU:total 8 (4 cores per cpu, 2 threads per core) family 6 model 70 stepping 1, cmov, cx8, fxsr, mmx, sse, sse2, sse3, ssse3, sse4.1, sse4.2, popcnt, avx, avx2, aes, clmul, erms, lzcnt, ht, tsc, tscinvbit, bmi1, bmi2

Memory: 4k page, physical 16777216k(4143632k free)

/proc/meminfo:


vm_info: Java HotSpot(TM) 64-Bit Server VM (25.74-b02) for bsd-amd64 JRE (1.8.0_74-b02), built on Jan 29 2016 15:32:34 by "java_re" with gcc 4.2.1 (Based on Apple Inc. build 5658) (LLVM build 2336.11.00)

time: Mon Dec 11 22:36:47 2017
elapsed time: 54481 seconds (0d 15h 8m 1s)

